0 info it worked if it ends with ok
1 verbose cli [ '/usr/bin/node', '/usr/bin/npm', 'install', '--save', 'lodsh' ]
2 info using npm@1.4.28
3 info using node@v0.10.36
4 verbose node symlink /usr/bin/node
5 warn package.json quick-input@1.0.0 No description
6 warn package.json quick-input@1.0.0 No repository field.
7 warn package.json quick-input@1.0.0 No README data
8 verbose readDependencies using package.json deps
9 verbose cache add [ 'lodsh', null ]
10 verbose cache add name=undefined spec="lodsh" args=["lodsh",null]
11 verbose parsed url { protocol: null,
11 verbose parsed url   slashes: null,
11 verbose parsed url   auth: null,
11 verbose parsed url   host: null,
11 verbose parsed url   port: null,
11 verbose parsed url   hostname: null,
11 verbose parsed url   hash: null,
11 verbose parsed url   search: null,
11 verbose parsed url   query: null,
11 verbose parsed url   pathname: 'lodsh',
11 verbose parsed url   path: 'lodsh',
11 verbose parsed url   href: 'lodsh' }
12 silly lockFile a185f2b1-lodsh lodsh
13 verbose lock lodsh /home/ziax/.npm/a185f2b1-lodsh.lock
14 silly lockFile a185f2b1-lodsh lodsh
15 silly lockFile a185f2b1-lodsh lodsh
16 verbose addNamed [ 'lodsh', '' ]
17 verbose addNamed [ null, '*' ]
18 silly lockFile ebfe551c-lodsh lodsh@
19 verbose lock lodsh@ /home/ziax/.npm/ebfe551c-lodsh.lock
20 silly addNameRange { name: 'lodsh', range: '*', hasData: false }
21 verbose request where is /lodsh
22 verbose request registry https://registry.npmjs.org/
23 verbose request id 8b05b107ab6b1c32
24 verbose url raw /lodsh
25 verbose url resolving [ 'https://registry.npmjs.org/', './lodsh' ]
26 verbose url resolved https://registry.npmjs.org/lodsh
27 verbose request where is https://registry.npmjs.org/lodsh
28 info trying registry request attempt 1 at 11:47:01
29 http GET https://registry.npmjs.org/lodsh
30 http 404 https://registry.npmjs.org/lodsh
31 verbose headers { date: 'Sun, 01 Mar 2015 10:47:02 GMT',
31 verbose headers   server: 'CouchDB/1.6.1 (Erlang OTP/R14B04)',
31 verbose headers   'content-type': 'application/json',
31 verbose headers   'cache-control': 'max-age=0',
31 verbose headers   'content-length': '52',
31 verbose headers   'accept-ranges': 'bytes',
31 verbose headers   via: '1.1 varnish',
31 verbose headers   age: '0',
31 verbose headers   'x-served-by': 'cache-fra1225-FRA',
31 verbose headers   'x-cache': 'MISS',
31 verbose headers   'x-cache-hits': '0',
31 verbose headers   'x-timer': 'S1425206822.167012,VS0,VE427',
31 verbose headers   'keep-alive': 'timeout=10, max=50',
31 verbose headers   connection: 'Keep-Alive' }
32 silly registry.get cb [ 404,
32 silly registry.get   { date: 'Sun, 01 Mar 2015 10:47:02 GMT',
32 silly registry.get     server: 'CouchDB/1.6.1 (Erlang OTP/R14B04)',
32 silly registry.get     'content-type': 'application/json',
32 silly registry.get     'cache-control': 'max-age=0',
32 silly registry.get     'content-length': '52',
32 silly registry.get     'accept-ranges': 'bytes',
32 silly registry.get     via: '1.1 varnish',
32 silly registry.get     age: '0',
32 silly registry.get     'x-served-by': 'cache-fra1225-FRA',
32 silly registry.get     'x-cache': 'MISS',
32 silly registry.get     'x-cache-hits': '0',
32 silly registry.get     'x-timer': 'S1425206822.167012,VS0,VE427',
32 silly registry.get     'keep-alive': 'timeout=10, max=50',
32 silly registry.get     connection: 'Keep-Alive' } ]
33 silly lockFile ebfe551c-lodsh lodsh@
34 silly lockFile ebfe551c-lodsh lodsh@
35 error 404 404 Not Found: lodsh
35 error 404
35 error 404 'lodsh' is not in the npm registry.
35 error 404 You should bug the author to publish it
35 error 404 It was specified as a dependency of 'quick-input'
35 error 404
35 error 404 Note that you can also install from a
35 error 404 tarball, folder, or http url, or git url.
36 error System Linux 3.13.0-45-generic
37 error command "/usr/bin/node" "/usr/bin/npm" "install" "--save" "lodsh"
38 error cwd /home/ziax/src/quick-input
39 error node -v v0.10.36
40 error npm -v 1.4.28
41 error code E404
42 verbose exit [ 1, true ]
